<?xml version="1.0" encoding="UTF-8"?>
<!-- Generated by org.testng.reporters.JUnitReportReporter -->
<testsuite hostname="Soumyansh-PC" name="testcases.FlightSearch" tests="1" failures="0" timestamp="8 Jul 2018 17:46:48 GMT" time="12.815" errors="0">
  <testcase name="FlightSearchTest" time="12.815" classname="testcases.FlightSearch"/>
</testsuite> <!-- testcases.FlightSearch -->
