<?xml version="1.0" encoding="UTF-8"?>
<!-- Generated by org.testng.reporters.JUnitReportReporter -->
<testsuite hostname="Soumyansh-PC" name="testcases.SignInTest" tests="1" failures="0" timestamp="8 Jul 2018 17:46:48 GMT" time="8.549" errors="0">
  <testcase name="signInTest" time="8.549" classname="testcases.SignInTest"/>
</testsuite> <!-- testcases.SignInTest -->
