<?xml version="1.0" encoding="UTF-8"?>
<!-- Generated by org.testng.reporters.JUnitReportReporter -->
<testsuite skipped="0" hostname="Soumyansh-PC" name="testcases.SignInTest" tests="1" failures="0" timestamp="08 Jul 2018 17:48:42 GMT" time="9.734" errors="0">
  <testcase name="signInTest" time="9.734" classname="testcases.SignInTest"/>
</testsuite> <!-- testcases.SignInTest -->
