<?xml version="1.0" encoding="UTF-8"?>
<!-- Generated by org.testng.reporters.JUnitReportReporter -->
<testsuite skipped="0" hostname="Soumyansh-PC" name="testcases.FlightSearch" tests="1" failures="0" timestamp="08 Jul 2018 17:48:42 GMT" time="13.884" errors="0">
  <testcase name="FlightSearchTest" time="13.884" classname="testcases.FlightSearch"/>
</testsuite> <!-- testcases.FlightSearch -->
